<?xml version="1.0" encoding="UTF-8"?>
<robot generator="Robot 6.1.1 (Python 3.10.4 on win32)" generated="20240315 11:16:00.957" rpa="false" schemaversion="4">
<suite id="s1" name="Kiwisaver Scheme Calculator" source="A:\Python\KiwiSaverCalculator\Tests\Feature\kiwisaver_scheme_calculator.robot">
<kw name="Launch URL" library="login_keywords" type="SETUP">
<arg>${kiwisaver_cal_url}</arg>
<arg>${browser}</arg>
<arg>${driver_path}</arg>
<doc>This keyword is used for launching browser, visit the argument URL</doc>
<kw name="Run Keyword And Return Status" library="BuiltIn">
<var>${verify_url}</var>
<arg>Open Browser</arg>
<arg>${url}</arg>
<arg>${browser}</arg>
<arg>executable_path=${driver_path}</arg>
<doc>Runs the given keyword with given arguments and returns the status as a Boolean value.</doc>
<kw name="Open Browser" library="SeleniumLibrary">
<arg>${url}</arg>
<arg>${browser}</arg>
<arg>executable_path=${driver_path}</arg>
<doc>Opens a new browser instance to the optional ``url``.</doc>
<msg timestamp="20240315 11:16:02.549" level="INFO">Opening browser 'edge' to base url 'https://www.westpac.co.nz/kiwisaver-investments/kiwisaver/kiwisaver-calculators/kiwisaver-calculator/'.</msg>
<status status="PASS" starttime="20240315 11:16:02.543" endtime="20240315 11:16:35.714"/>
</kw>
<msg timestamp="20240315 11:16:35.715" level="INFO">${verify_url} = True</msg>
<status status="PASS" starttime="20240315 11:16:02.542" endtime="20240315 11:16:35.715"/>
</kw>
<if>
<branch type="IF" condition="'${verify_url}' == 'True'">
<kw name="Log" library="BuiltIn">
<arg>URL launched successfully</arg>
<doc>Logs the given message with the given level.</doc>
<msg timestamp="20240315 11:16:35.716" level="INFO">URL launched successfully</msg>
<status status="PASS" starttime="20240315 11:16:35.716" endtime="20240315 11:16:35.716"/>
</kw>
<kw name="Maximize Browser Window" library="SeleniumLibrary">
<doc>Maximizes current browser window.</doc>
<status status="PASS" starttime="20240315 11:16:35.716" endtime="20240315 11:16:36.175"/>
</kw>
<kw name="Sleep3s" library="selenium_keywords">
<kw name="Sleep" library="BuiltIn">
<arg>3s</arg>
<doc>Pauses the test executed for the given time.</doc>
<msg timestamp="20240315 11:16:39.179" level="INFO">Slept 3 seconds</msg>
<status status="PASS" starttime="20240315 11:16:36.175" endtime="20240315 11:16:39.180"/>
</kw>
<status status="PASS" starttime="20240315 11:16:36.175" endtime="20240315 11:16:39.180"/>
</kw>
<status status="PASS" starttime="20240315 11:16:35.715" endtime="20240315 11:16:39.180"/>
</branch>
<branch type="ELSE">
<kw name="Log" library="BuiltIn">
<arg>URL launch unsuccessful</arg>
<doc>Logs the given message with the given level.</doc>
<status status="NOT RUN" starttime="20240315 11:16:39.180" endtime="20240315 11:16:39.181"/>
</kw>
<kw name="Fail" library="BuiltIn">
<arg>URL launch unsuccessful, exiting!</arg>
<doc>Fails the test with the given message and optionally alters its tags.</doc>
<status status="NOT RUN" starttime="20240315 11:16:39.181" endtime="20240315 11:16:39.181"/>
</kw>
<status status="NOT RUN" starttime="20240315 11:16:39.180" endtime="20240315 11:16:39.181"/>
</branch>
<status status="PASS" starttime="20240315 11:16:35.715" endtime="20240315 11:16:39.181"/>
</if>
<status status="PASS" starttime="20240315 11:16:02.540" endtime="20240315 11:16:39.181"/>
</kw>
<test id="s1-t1" name="Calculate kiwisaver scheme projection" line="14">
<kw name="Get Title" library="SeleniumLibrary">
<var>${actual_page_title}</var>
<doc>Returns the title of the current page.</doc>
<msg timestamp="20240315 11:16:39.200" level="INFO">${actual_page_title} = KiwiSaver Calculator - Westpac NZ</msg>
<status status="PASS" starttime="20240315 11:16:39.183" endtime="20240315 11:16:39.200"/>
</kw>
<if>
<branch type="IF" condition="'${actual_page_title}' == 'KiwiSaver Calculator - Westpac NZ'">
<kw name="Log" library="BuiltIn">
<arg>Page Title matches</arg>
<doc>Logs the given message with the given level.</doc>
<msg timestamp="20240315 11:16:39.201" level="INFO">Page Title matches</msg>
<status status="PASS" starttime="20240315 11:16:39.201" endtime="20240315 11:16:39.201"/>
</kw>
<status status="PASS" starttime="20240315 11:16:39.201" endtime="20240315 11:16:39.201"/>
</branch>
<branch type="ELSE">
<kw name="Log" library="BuiltIn">
<arg>Page title doesn't matches, exiting test case!</arg>
<doc>Logs the given message with the given level.</doc>
<status status="NOT RUN" starttime="20240315 11:16:39.202" endtime="20240315 11:16:39.202"/>
</kw>
<kw name="Fail" library="BuiltIn">
<arg>Page title doesn't matches, exiting test case!</arg>
<doc>Fails the test with the given message and optionally alters its tags.</doc>
<status status="NOT RUN" starttime="20240315 11:16:39.202" endtime="20240315 11:16:39.202"/>
</kw>
<status status="NOT RUN" starttime="20240315 11:16:39.202" endtime="20240315 11:16:39.202"/>
</branch>
<status status="PASS" starttime="20240315 11:16:39.201" endtime="20240315 11:16:39.202"/>
</if>
<kw name="Scroll Element Into View" library="SeleniumLibrary">
<arg>${open_calculator_button_locator}</arg>
<doc>Scrolls the element identified by ``locator`` into view.</doc>
<status status="PASS" starttime="20240315 11:16:39.203" endtime="20240315 11:16:39.539"/>
</kw>
<kw name="Sleep3s" library="selenium_keywords">
<kw name="Sleep" library="BuiltIn">
<arg>3s</arg>
<doc>Pauses the test executed for the given time.</doc>
<msg timestamp="20240315 11:16:42.548" level="INFO">Slept 3 seconds</msg>
<status status="PASS" starttime="20240315 11:16:39.540" endtime="20240315 11:16:42.548"/>
</kw>
<status status="PASS" starttime="20240315 11:16:39.540" endtime="20240315 11:16:42.548"/>
</kw>
<kw name="Click Element" library="SeleniumLibrary">
<arg>${open_calculator_button_locator}</arg>
<doc>Click the element identified by ``locator``.</doc>
<msg timestamp="20240315 11:16:42.553" level="INFO">Clicking element '//span[contains(text(), 'Open the calculator')]'.</msg>
<status status="PASS" starttime="20240315 11:16:42.550" endtime="20240315 11:16:42.882"/>
</kw>
<kw name="Sleep3s" library="selenium_keywords">
<kw name="Sleep" library="BuiltIn">
<arg>3s</arg>
<doc>Pauses the test executed for the given time.</doc>
<msg timestamp="20240315 11:16:45.896" level="INFO">Slept 3 seconds</msg>
<status status="PASS" starttime="20240315 11:16:42.888" endtime="20240315 11:16:45.899"/>
</kw>
<status status="PASS" starttime="20240315 11:16:42.887" endtime="20240315 11:16:45.899"/>
</kw>
<kw name="Clear and input texts" library="kiwisaver_calculator_keywords">
<arg>${age_input_locator}</arg>
<arg>${age}</arg>
<doc>Clear text fields and input values</doc>
<kw name="Press Keys" library="SeleniumLibrary">
<arg>${input_locator}</arg>
<arg>CTRL+a+BACKSPACE</arg>
<doc>Simulates the user pressing key(s) to an element or on the active browser.</doc>
<msg timestamp="20240315 11:16:45.902" level="INFO">Sending key(s) ('CTRL+a+BACKSPACE',) to //input[@id='text-QUESTION_AGE'] element.</msg>
<msg timestamp="20240315 11:16:46.239" level="INFO">Pressing special key CONTROL down.</msg>
<msg timestamp="20240315 11:16:46.239" level="INFO">Sending key a</msg>
<msg timestamp="20240315 11:16:46.239" level="INFO">Pressing special key BACKSPACE down.</msg>
<msg timestamp="20240315 11:16:46.239" level="INFO">Releasing special key CONTROL.</msg>
<msg timestamp="20240315 11:16:46.239" level="INFO">Releasing special key BACKSPACE.</msg>
<status status="PASS" starttime="20240315 11:16:45.901" endtime="20240315 11:16:46.264"/>
</kw>
<kw name="Sleep1s" library="selenium_keywords">
<kw name="Sleep" library="BuiltIn">
<arg>1s</arg>
<doc>Pauses the test executed for the given time.</doc>
<msg timestamp="20240315 11:16:47.277" level="INFO">Slept 1 second</msg>
<status status="PASS" starttime="20240315 11:16:46.265" endtime="20240315 11:16:47.280"/>
</kw>
<status status="PASS" starttime="20240315 11:16:46.264" endtime="20240315 11:16:47.280"/>
</kw>
<kw name="Input Text" library="SeleniumLibrary">
<arg>${input_locator}</arg>
<arg>${input}</arg>
<doc>Types the given ``text`` into the text field identified by ``locator``.</doc>
<msg timestamp="20240315 11:16:47.282" level="INFO">Typing text '30' into text field '//input[@id='text-QUESTION_AGE']'.</msg>
<status status="PASS" starttime="20240315 11:16:47.281" endtime="20240315 11:16:47.483"/>
</kw>
<kw name="Sleep1s" library="selenium_keywords">
<kw name="Sleep" library="BuiltIn">
<arg>1s</arg>
<doc>Pauses the test executed for the given time.</doc>
<msg timestamp="20240315 11:16:48.485" level="INFO">Slept 1 second</msg>
<status status="PASS" starttime="20240315 11:16:47.484" endtime="20240315 11:16:48.487"/>
</kw>
<status status="PASS" starttime="20240315 11:16:47.483" endtime="20240315 11:16:48.487"/>
</kw>
<status status="PASS" starttime="20240315 11:16:45.900" endtime="20240315 11:16:48.487"/>
</kw>
<kw name="Sleep3s" library="selenium_keywords">
<kw name="Sleep" library="BuiltIn">
<arg>3s</arg>
<doc>Pauses the test executed for the given time.</doc>
<msg timestamp="20240315 11:16:51.497" level="INFO">Slept 3 seconds</msg>
<status status="PASS" starttime="20240315 11:16:48.489" endtime="20240315 11:16:51.497"/>
</kw>
<status status="PASS" starttime="20240315 11:16:48.488" endtime="20240315 11:16:51.497"/>
</kw>
<kw name="Click next question" library="kiwisaver_calculator_keywords">
<arg>${after_age_next_question_locator}</arg>
<doc>This keyword clicks next question button</doc>
<kw name="Click Element" library="SeleniumLibrary">
<arg>${button_locator}</arg>
<doc>Click the element identified by ``locator``.</doc>
<msg timestamp="20240315 11:16:51.500" level="INFO">Clicking element '(//span[contains(text(), 'Next Question')])[1]'.</msg>
<status status="PASS" starttime="20240315 11:16:51.499" endtime="20240315 11:16:51.970"/>
</kw>
<status status="PASS" starttime="20240315 11:16:51.498" endtime="20240315 11:16:51.970"/>
</kw>
<kw name="Sleep3s" library="selenium_keywords">
<kw name="Sleep" library="BuiltIn">
<arg>3s</arg>
<doc>Pauses the test executed for the given time.</doc>
<msg timestamp="20240315 11:16:54.991" level="INFO">Slept 3 seconds</msg>
<status status="PASS" starttime="20240315 11:16:51.980" endtime="20240315 11:16:54.991"/>
</kw>
<status status="PASS" starttime="20240315 11:16:51.979" endtime="20240315 11:16:54.991"/>
</kw>
<kw name="Click Element" library="SeleniumLibrary">
<arg>${retirement_plan_locator}</arg>
<doc>Click the element identified by ``locator``.</doc>
<msg timestamp="20240315 11:16:54.992" level="INFO">Clicking element '//span[contains(text(),'Retirement')]'.</msg>
<status status="PASS" starttime="20240315 11:16:54.992" endtime="20240315 11:16:55.197"/>
</kw>
<kw name="Sleep3s" library="selenium_keywords">
<kw name="Sleep" library="BuiltIn">
<arg>3s</arg>
<doc>Pauses the test executed for the given time.</doc>
<msg timestamp="20240315 11:16:58.232" level="INFO">Slept 3 seconds</msg>
<status status="PASS" starttime="20240315 11:16:55.221" endtime="20240315 11:16:58.232"/>
</kw>
<status status="PASS" starttime="20240315 11:16:55.219" endtime="20240315 11:16:58.232"/>
</kw>
<kw name="Choose employment status" library="kiwisaver_calculator_keywords">
<arg>${employment_status_locator}</arg>
<arg>${employed_status_locator}</arg>
<doc>This keyword helps in selecting employment status from drop down list</doc>
<kw name="Click Element" library="SeleniumLibrary">
<arg>${status_locator}</arg>
<doc>Click the element identified by ``locator``.</doc>
<msg timestamp="20240315 11:16:58.236" level="INFO">Clicking element '//div[@aria-labelledby='dropdown-QUESTION_EMPLOYMENT_STATUS']'.</msg>
<status status="PASS" starttime="20240315 11:16:58.235" endtime="20240315 11:16:58.374"/>
</kw>
<kw name="Sleep1s" library="selenium_keywords">
<kw name="Sleep" library="BuiltIn">
<arg>1s</arg>
<doc>Pauses the test executed for the given time.</doc>
<msg timestamp="20240315 11:16:59.386" level="INFO">Slept 1 second</msg>
<status status="PASS" starttime="20240315 11:16:58.375" endtime="20240315 11:16:59.386"/>
</kw>
<status status="PASS" starttime="20240315 11:16:58.374" endtime="20240315 11:16:59.386"/>
</kw>
<kw name="Click Element" library="SeleniumLibrary">
<arg>${status}</arg>
<doc>Click the element identified by ``locator``.</doc>
<msg timestamp="20240315 11:16:59.387" level="INFO">Clicking element '//ul//li[@data-value='Employed']'.</msg>
<status status="PASS" starttime="20240315 11:16:59.386" endtime="20240315 11:16:59.640"/>
</kw>
<kw name="Sleep3s" library="selenium_keywords">
<kw name="Sleep" library="BuiltIn">
<arg>3s</arg>
<doc>Pauses the test executed for the given time.</doc>
<msg timestamp="20240315 11:17:02.648" level="INFO">Slept 3 seconds</msg>
<status status="PASS" starttime="20240315 11:16:59.641" endtime="20240315 11:17:02.648"/>
</kw>
<status status="PASS" starttime="20240315 11:16:59.641" endtime="20240315 11:17:02.648"/>
</kw>
<status status="PASS" starttime="20240315 11:16:58.234" endtime="20240315 11:17:02.648"/>
</kw>
<kw name="Sleep2s" library="selenium_keywords">
<kw name="Sleep" library="BuiltIn">
<arg>2s</arg>
<doc>Pauses the test executed for the given time.</doc>
<msg timestamp="20240315 11:17:04.658" level="INFO">Slept 2 seconds</msg>
<status status="PASS" starttime="20240315 11:17:02.650" endtime="20240315 11:17:04.658"/>
</kw>
<status status="PASS" starttime="20240315 11:17:02.649" endtime="20240315 11:17:04.658"/>
</kw>
<kw name="Select income time frame and enter income" library="kiwisaver_calculator_keywords">
<arg>${income_time_frame_locator}</arg>
<arg>${income_per_year_locator}</arg>
<arg>${income_text_box_locator}</arg>
<arg>${total_income}</arg>
<doc>This keyword is to select income time frame and enter income</doc>
<kw name="Click Element" library="SeleniumLibrary">
<arg>${time_frame_locator}</arg>
<doc>Click the element identified by ``locator``.</doc>
<msg timestamp="20240315 11:17:04.662" level="INFO">Clicking element '//div[@aria-labelledby='dropdown-QUESTION_INCOME']'.</msg>
<status status="PASS" starttime="20240315 11:17:04.660" endtime="20240315 11:17:04.857"/>
</kw>
<kw name="Sleep1s" library="selenium_keywords">
<kw name="Sleep" library="BuiltIn">
<arg>1s</arg>
<doc>Pauses the test executed for the given time.</doc>
<msg timestamp="20240315 11:17:05.872" level="INFO">Slept 1 second</msg>
<status status="PASS" starttime="20240315 11:17:04.858" endtime="20240315 11:17:05.872"/>
</kw>
<status status="PASS" starttime="20240315 11:17:04.858" endtime="20240315 11:17:05.872"/>
</kw>
<kw name="Click Element" library="SeleniumLibrary">
<arg>${user_selected_time_frame}</arg>
<doc>Click the element identified by ``locator``.</doc>
<msg timestamp="20240315 11:17:05.873" level="INFO">Clicking element '//ul//li[4][@data-value='per year']'.</msg>
<status status="PASS" starttime="20240315 11:17:05.873" endtime="20240315 11:17:06.007"/>
</kw>
<kw name="Sleep1s" library="selenium_keywords">
<kw name="Sleep" library="BuiltIn">
<arg>1s</arg>
<doc>Pauses the test executed for the given time.</doc>
<msg timestamp="20240315 11:17:07.015" level="INFO">Slept 1 second</msg>
<status status="PASS" starttime="20240315 11:17:06.008" endtime="20240315 11:17:07.015"/>
</kw>
<status status="PASS" starttime="20240315 11:17:06.007" endtime="20240315 11:17:07.015"/>
</kw>
<kw name="Clear and input texts" library="kiwisaver_calculator_keywords">
<arg>${income_text_box_locator}</arg>
<arg>${total_income}</arg>
<doc>Clear text fields and input values</doc>
<kw name="Press Keys" library="SeleniumLibrary">
<arg>${input_locator}</arg>
<arg>CTRL+a+BACKSPACE</arg>
<doc>Simulates the user pressing key(s) to an element or on the active browser.</doc>
<msg timestamp="20240315 11:17:07.019" level="INFO">Sending key(s) ('CTRL+a+BACKSPACE',) to //input[@id='text-QUESTION_INCOME'] element.</msg>
<msg timestamp="20240315 11:17:07.362" level="INFO">Pressing special key CONTROL down.</msg>
<msg timestamp="20240315 11:17:07.362" level="INFO">Sending key a</msg>
<msg timestamp="20240315 11:17:07.362" level="INFO">Pressing special key BACKSPACE down.</msg>
<msg timestamp="20240315 11:17:07.362" level="INFO">Releasing special key CONTROL.</msg>
<msg timestamp="20240315 11:17:07.362" level="INFO">Releasing special key BACKSPACE.</msg>
<status status="PASS" starttime="20240315 11:17:07.017" endtime="20240315 11:17:07.385"/>
</kw>
<kw name="Sleep1s" library="selenium_keywords">
<kw name="Sleep" library="BuiltIn">
<arg>1s</arg>
<doc>Pauses the test executed for the given time.</doc>
<msg timestamp="20240315 11:17:08.388" level="INFO">Slept 1 second</msg>
<status status="PASS" starttime="20240315 11:17:07.386" endtime="20240315 11:17:08.389"/>
</kw>
<status status="PASS" starttime="20240315 11:17:07.385" endtime="20240315 11:17:08.389"/>
</kw>
<kw name="Input Text" library="SeleniumLibrary">
<arg>${input_locator}</arg>
<arg>${input}</arg>
<doc>Types the given ``text`` into the text field identified by ``locator``.</doc>
<msg timestamp="20240315 11:17:08.390" level="INFO">Typing text '100000' into text field '//input[@id='text-QUESTION_INCOME']'.</msg>
<status status="PASS" starttime="20240315 11:17:08.389" endtime="20240315 11:17:08.708"/>
</kw>
<kw name="Sleep1s" library="selenium_keywords">
<kw name="Sleep" library="BuiltIn">
<arg>1s</arg>
<doc>Pauses the test executed for the given time.</doc>
<msg timestamp="20240315 11:17:09.710" level="INFO">Slept 1 second</msg>
<status status="PASS" starttime="20240315 11:17:08.709" endtime="20240315 11:17:09.710"/>
</kw>
<status status="PASS" starttime="20240315 11:17:08.708" endtime="20240315 11:17:09.710"/>
</kw>
<status status="PASS" starttime="20240315 11:17:07.015" endtime="20240315 11:17:09.710"/>
</kw>
<status status="PASS" starttime="20240315 11:17:04.659" endtime="20240315 11:17:09.710"/>
</kw>
<kw name="Sleep2s" library="selenium_keywords">
<kw name="Sleep" library="BuiltIn">
<arg>2s</arg>
<doc>Pauses the test executed for the given time.</doc>
<msg timestamp="20240315 11:17:11.727" level="INFO">Slept 2 seconds</msg>
<status status="PASS" starttime="20240315 11:17:09.712" endtime="20240315 11:17:11.727"/>
</kw>
<status status="PASS" starttime="20240315 11:17:09.711" endtime="20240315 11:17:11.727"/>
</kw>
<kw name="Click next question" library="kiwisaver_calculator_keywords">
<arg>${after_income_next_question_locator}</arg>
<doc>This keyword clicks next question button</doc>
<kw name="Click Element" library="SeleniumLibrary">
<arg>${button_locator}</arg>
<doc>Click the element identified by ``locator``.</doc>
<msg timestamp="20240315 11:17:11.730" level="INFO">Clicking element '(//span[contains(text(), 'Next Question')])[2]'.</msg>
<status status="PASS" starttime="20240315 11:17:11.729" endtime="20240315 11:17:12.010"/>
</kw>
<status status="PASS" starttime="20240315 11:17:11.728" endtime="20240315 11:17:12.010"/>
</kw>
<kw name="Clear and input texts" library="kiwisaver_calculator_keywords">
<arg>${kiwisaver_balance_text_box_locator}</arg>
<arg>${kiwisaver_balance}</arg>
<doc>Clear text fields and input values</doc>
<kw name="Press Keys" library="SeleniumLibrary">
<arg>${input_locator}</arg>
<arg>CTRL+a+BACKSPACE</arg>
<doc>Simulates the user pressing key(s) to an element or on the active browser.</doc>
<msg timestamp="20240315 11:17:12.026" level="INFO">Sending key(s) ('CTRL+a+BACKSPACE',) to //input[@id='text-QUESTION_KIWISAVER_BALANCE'] element.</msg>
<msg timestamp="20240315 11:17:12.422" level="INFO">Pressing special key CONTROL down.</msg>
<msg timestamp="20240315 11:17:12.422" level="INFO">Sending key a</msg>
<msg timestamp="20240315 11:17:12.422" level="INFO">Pressing special key BACKSPACE down.</msg>
<msg timestamp="20240315 11:17:12.422" level="INFO">Releasing special key CONTROL.</msg>
<msg timestamp="20240315 11:17:12.422" level="INFO">Releasing special key BACKSPACE.</msg>
<status status="PASS" starttime="20240315 11:17:12.025" endtime="20240315 11:17:12.452"/>
</kw>
<kw name="Sleep1s" library="selenium_keywords">
<kw name="Sleep" library="BuiltIn">
<arg>1s</arg>
<doc>Pauses the test executed for the given time.</doc>
<msg timestamp="20240315 11:17:13.460" level="INFO">Slept 1 second</msg>
<status status="PASS" starttime="20240315 11:17:12.453" endtime="20240315 11:17:13.460"/>
</kw>
<status status="PASS" starttime="20240315 11:17:12.452" endtime="20240315 11:17:13.461"/>
</kw>
<kw name="Input Text" library="SeleniumLibrary">
<arg>${input_locator}</arg>
<arg>${input}</arg>
<doc>Types the given ``text`` into the text field identified by ``locator``.</doc>
<msg timestamp="20240315 11:17:13.462" level="INFO">Typing text '0' into text field '//input[@id='text-QUESTION_KIWISAVER_BALANCE']'.</msg>
<status status="PASS" starttime="20240315 11:17:13.461" endtime="20240315 11:17:13.664"/>
</kw>
<kw name="Sleep1s" library="selenium_keywords">
<kw name="Sleep" library="BuiltIn">
<arg>1s</arg>
<doc>Pauses the test executed for the given time.</doc>
<msg timestamp="20240315 11:17:14.681" level="INFO">Slept 1 second</msg>
<status status="PASS" starttime="20240315 11:17:13.666" endtime="20240315 11:17:14.682"/>
</kw>
<status status="PASS" starttime="20240315 11:17:13.665" endtime="20240315 11:17:14.682"/>
</kw>
<status status="PASS" starttime="20240315 11:17:12.023" endtime="20240315 11:17:14.682"/>
</kw>
<kw name="Sleep2s" library="selenium_keywords">
<kw name="Sleep" library="BuiltIn">
<arg>2s</arg>
<doc>Pauses the test executed for the given time.</doc>
<msg timestamp="20240315 11:17:16.695" level="INFO">Slept 2 seconds</msg>
<status status="PASS" starttime="20240315 11:17:14.684" endtime="20240315 11:17:16.695"/>
</kw>
<status status="PASS" starttime="20240315 11:17:14.683" endtime="20240315 11:17:16.696"/>
</kw>
<kw name="Click next question" library="kiwisaver_calculator_keywords">
<arg>${after_kiwisaver_next_question_locator}</arg>
<doc>This keyword clicks next question button</doc>
<kw name="Click Element" library="SeleniumLibrary">
<arg>${button_locator}</arg>
<doc>Click the element identified by ``locator``.</doc>
<msg timestamp="20240315 11:17:16.700" level="INFO">Clicking element '(//span[contains(text(), 'Next Question')])[3]'.</msg>
<status status="PASS" starttime="20240315 11:17:16.698" endtime="20240315 11:17:17.037"/>
</kw>
<status status="PASS" starttime="20240315 11:17:16.697" endtime="20240315 11:17:17.038"/>
</kw>
<kw name="Contribution percentage" library="kiwisaver_calculator_keywords">
<arg>${contribution_percentage_drop_down_locator}</arg>
<arg>${contribution_percentage_locator}</arg>
<doc>This keyword selects the contribution</doc>
<kw name="Click Element" library="SeleniumLibrary">
<arg>${contribution_drop_down_locator}</arg>
<doc>Click the element identified by ``locator``.</doc>
<msg timestamp="20240315 11:17:17.042" level="INFO">Clicking element '//div[@aria-labelledby='dropdown-QUESTION_CONTRIBUTION_PERCENTAGE']'.</msg>
<status status="PASS" starttime="20240315 11:17:17.041" endtime="20240315 11:17:17.297"/>
</kw>
<kw name="Sleep1s" library="selenium_keywords">
<kw name="Sleep" library="BuiltIn">
<arg>1s</arg>
<doc>Pauses the test executed for the given time.</doc>
<msg timestamp="20240315 11:17:18.304" level="INFO">Slept 1 second</msg>
<status status="PASS" starttime="20240315 11:17:17.298" endtime="20240315 11:17:18.304"/>
</kw>
<status status="PASS" starttime="20240315 11:17:17.297" endtime="20240315 11:17:18.304"/>
</kw>
<kw name="Click Element" library="SeleniumLibrary">
<arg>${contribution_percentage_locator}</arg>
<doc>Click the element identified by ``locator``.</doc>
<msg timestamp="20240315 11:17:18.306" level="INFO">Clicking element '//ul//li[6][@data-value='10%']'.</msg>
<status status="PASS" starttime="20240315 11:17:18.304" endtime="20240315 11:17:18.529"/>
</kw>
<kw name="Sleep3s" library="selenium_keywords">
<kw name="Sleep" library="BuiltIn">
<arg>3s</arg>
<doc>Pauses the test executed for the given time.</doc>
<msg timestamp="20240315 11:17:21.540" level="INFO">Slept 3 seconds</msg>
<status status="PASS" starttime="20240315 11:17:18.530" endtime="20240315 11:17:21.540"/>
</kw>
<status status="PASS" starttime="20240315 11:17:18.529" endtime="20240315 11:17:21.540"/>
</kw>
<status status="PASS" starttime="20240315 11:17:17.039" endtime="20240315 11:17:21.540"/>
</kw>
<kw name="Sleep3s" library="selenium_keywords">
<kw name="Sleep" library="BuiltIn">
<arg>3s</arg>
<doc>Pauses the test executed for the given time.</doc>
<msg timestamp="20240315 11:17:24.557" level="INFO">Slept 3 seconds</msg>
<status status="PASS" starttime="20240315 11:17:21.542" endtime="20240315 11:17:24.557"/>
</kw>
<status status="PASS" starttime="20240315 11:17:21.542" endtime="20240315 11:17:24.557"/>
</kw>
<kw name="Choose fund type" library="kiwisaver_calculator_keywords">
<arg>${fund_type_locator}</arg>
<arg>${growth_fund_locator}</arg>
<doc>This keyword selects the fund type</doc>
<kw name="Click Element" library="SeleniumLibrary">
<arg>${fund_type_locator}</arg>
<doc>Click the element identified by ``locator``.</doc>
<msg timestamp="20240315 11:17:24.561" level="INFO">Clicking element '//div[@aria-labelledby='dropdown-QUESTION_CURRENT_FUND']'.</msg>
<status status="PASS" starttime="20240315 11:17:24.558" endtime="20240315 11:17:24.698"/>
</kw>
<kw name="Sleep2s" library="selenium_keywords">
<kw name="Sleep" library="BuiltIn">
<arg>2s</arg>
<doc>Pauses the test executed for the given time.</doc>
<msg timestamp="20240315 11:17:26.716" level="INFO">Slept 2 seconds</msg>
<status status="PASS" starttime="20240315 11:17:24.700" endtime="20240315 11:17:26.717"/>
</kw>
<status status="PASS" starttime="20240315 11:17:24.698" endtime="20240315 11:17:26.717"/>
</kw>
<kw name="Click Element" library="SeleniumLibrary">
<arg>${growth_fund_locator}</arg>
<doc>Click the element identified by ``locator``.</doc>
<msg timestamp="20240315 11:17:26.719" level="INFO">Clicking element '//ul[@aria-labelledby='dropdown-QUESTION_CURRENT_FUND']//li[@data-value='Growth']'.</msg>
<status status="PASS" starttime="20240315 11:17:26.717" endtime="20240315 11:17:26.939"/>
</kw>
<kw name="Sleep" library="BuiltIn">
<arg>10</arg>
<doc>Pauses the test executed for the given time.</doc>
<msg timestamp="20240315 11:17:36.952" level="INFO">Slept 10 seconds</msg>
<status status="PASS" starttime="20240315 11:17:26.941" endtime="20240315 11:17:36.952"/>
</kw>
<status status="PASS" starttime="20240315 11:17:24.558" endtime="20240315 11:17:36.952"/>
</kw>
<kw name="Sleep3s" library="selenium_keywords">
<kw name="Sleep" library="BuiltIn">
<arg>3s</arg>
<doc>Pauses the test executed for the given time.</doc>
<msg timestamp="20240315 11:17:39.957" level="INFO">Slept 3 seconds</msg>
<status status="PASS" starttime="20240315 11:17:36.956" endtime="20240315 11:17:39.957"/>
</kw>
<status status="PASS" starttime="20240315 11:17:36.953" endtime="20240315 11:17:39.958"/>
</kw>
<kw name="Get current projection" library="kiwisaver_calculator_keywords">
<var>${projection_text}</var>
<arg>${projection_text_locator}</arg>
<doc>This keyword gets the projection for all the selections made by user</doc>
<kw name="Get Text" library="SeleniumLibrary">
<var>${projection_text}</var>
<arg>${projection_text_locator}</arg>
<doc>Returns the text value of the element identified by ``locator``.</doc>
<msg timestamp="20240315 11:17:40.020" level="INFO">${projection_text} = You could have a retirement income of $670 p.w if you were to retire at 65. This income would last you until age 90 and is not including NZ Super.</msg>
<status status="PASS" starttime="20240315 11:17:39.960" endtime="20240315 11:17:40.021"/>
</kw>
<return>
<value>${projection_text}</value>
<status status="PASS" starttime="20240315 11:17:40.021" endtime="20240315 11:17:40.021"/>
</return>
<msg timestamp="20240315 11:17:40.021" level="INFO">${projection_text} = You could have a retirement income of $670 p.w if you were to retire at 65. This income would last you until age 90 and is not including NZ Super.</msg>
<status status="PASS" starttime="20240315 11:17:39.959" endtime="20240315 11:17:40.021"/>
</kw>
<kw name="Log" library="BuiltIn">
<arg>${projection_text}</arg>
<doc>Logs the given message with the given level.</doc>
<msg timestamp="20240315 11:17:40.023" level="INFO">You could have a retirement income of $670 p.w if you were to retire at 65. This income would last you until age 90 and is not including NZ Super.</msg>
<status status="PASS" starttime="20240315 11:17:40.022" endtime="20240315 11:17:40.023"/>
</kw>
<doc>This test case calculates the kiwi saver scheme projections based on the inputs</doc>
<tag>Scheme_Calculator</tag>
<status status="PASS" starttime="20240315 11:16:39.181" endtime="20240315 11:17:40.023"/>
</test>
<kw name="Close Browser Window" library="login_keywords" type="TEARDOWN">
<kw name="Log" library="BuiltIn">
<arg>Closing all browsers</arg>
<doc>Logs the given message with the given level.</doc>
<msg timestamp="20240315 11:17:40.028" level="INFO">Closing all browsers</msg>
<status status="PASS" starttime="20240315 11:17:40.028" endtime="20240315 11:17:40.028"/>
</kw>
<kw name="Close All Browsers" library="SeleniumLibrary">
<doc>Closes all open browsers and resets the browser cache.</doc>
<status status="PASS" starttime="20240315 11:17:40.028" endtime="20240315 11:17:47.045"/>
</kw>
<status status="PASS" starttime="20240315 11:17:40.027" endtime="20240315 11:17:47.045"/>
</kw>
<status status="PASS" starttime="20240315 11:16:00.971" endtime="20240315 11:17:47.046"/>
</suite>
<statistics>
<total>
<stat pass="1" fail="0" skip="0">All Tests</stat>
</total>
<tag>
<stat pass="1" fail="0" skip="0">Scheme_Calculator</stat>
</tag>
<suite>
<stat pass="1" fail="0" skip="0" id="s1" name="Kiwisaver Scheme Calculator">Kiwisaver Scheme Calculator</stat>
</suite>
</statistics>
<errors>
</errors>
</robot>
